<?xml version="1.0" encoding="UTF-8"?>
<!-- Generated by org.testng.reporters.JUnitXMLReporter -->
<testsuite ignored="0" hostname="MKOKANE10A" failures="0" tests="4" name="Test" time="40.418" errors="0" timestamp="2024-06-26T10:20:39 IST">
  <testcase classname="com.prjct.qa.testcases.LoginpageTest" name="crmlogotest" time="0.046"/>
  <testcase classname="com.prjct.qa.testcases.LoginpageTest" name="loginTest" time="0.252"/>
  <testcase classname="com.prjct.qa.testcases.LoginpageTest" name="loginpagetitletest" time="0.007"/>
  <testcase classname="com.prjct.qa.testcases.HomepageTest" name="clickVerifyFavoritesPageTitile" time="9.775"/>
</testsuite> <!-- Test -->
