<?xml version="1.0" encoding="UTF-8"?>
<!-- Generated by org.testng.reporters.JUnitXMLReporter -->
<testsuite ignored="0" hostname="MKOKANE10A" failures="0" tests="4" name="Test" time="29.231" errors="0" timestamp="2024-06-26T10:23:41 IST">
  <testcase classname="com.prjct.qa.testcases.LoginpageTest" name="crmlogotest" time="0.042"/>
  <testcase classname="com.prjct.qa.testcases.LoginpageTest" name="loginTest" time="0.232"/>
  <testcase classname="com.prjct.qa.testcases.LoginpageTest" name="loginpagetitletest" time="0.006"/>
  <testcase classname="com.prjct.qa.testcases.HomepageTest" name="clickVerifyFavoritesPageTitile" time="8.575"/>
</testsuite> <!-- Test -->
