<?xml version="1.0" encoding="UTF-8"?>
<testng-results ignored="0" total="4" passed="4" failed="0" skipped="0">
  <reporter-output>
  </reporter-output>
  <suite started-at="2024-06-26T10:23:12 IST" name="Suite" finished-at="2024-06-26T10:23:41 IST" duration-ms="29231">
    <groups>
    </groups>
    <test started-at="2024-06-26T10:23:12 IST" name="Test" finished-at="2024-06-26T10:23:41 IST" duration-ms="29231">
      <class name="com.prjct.qa.testcases.LoginpageTest">
        <test-method is-config="true" signature="setup()[pri:0, instance:com.prjct.qa.testcases.LoginpageTest@5119fb47]" started-at="2024-06-26T10:23:12 IST" name="setup" finished-at="2024-06-26T10:23:17 IST" duration-ms="5456" status="PASS">
          <reporter-output>
          </reporter-output>
        </test-method> <!-- setup -->
        <test-method signature="crmlogotest()[pri:0, instance:com.prjct.qa.testcases.LoginpageTest@5119fb47]" started-at="2024-06-26T10:23:17 IST" name="crmlogotest" finished-at="2024-06-26T10:23:18 IST" duration-ms="42" status="PASS">
          <reporter-output>
          </reporter-output>
        </test-method> <!-- crmlogotest -->
        <test-method is-config="true" signature="teardown()[pri:0, instance:com.prjct.qa.testcases.LoginpageTest@5119fb47]" started-at="2024-06-26T10:23:18 IST" name="teardown" finished-at="2024-06-26T10:23:18 IST" duration-ms="98" status="PASS">
          <reporter-output>
          </reporter-output>
        </test-method> <!-- teardown -->
        <test-method is-config="true" signature="setup()[pri:0, instance:com.prjct.qa.testcases.LoginpageTest@5119fb47]" started-at="2024-06-26T10:23:18 IST" name="setup" finished-at="2024-06-26T10:23:22 IST" duration-ms="4502" status="PASS">
          <reporter-output>
          </reporter-output>
        </test-method> <!-- setup -->
        <test-method signature="loginTest()[pri:0, instance:com.prjct.qa.testcases.LoginpageTest@5119fb47]" started-at="2024-06-26T10:23:22 IST" name="loginTest" finished-at="2024-06-26T10:23:22 IST" duration-ms="232" status="PASS">
          <reporter-output>
          </reporter-output>
        </test-method> <!-- loginTest -->
        <test-method is-config="true" signature="teardown()[pri:0, instance:com.prjct.qa.testcases.LoginpageTest@5119fb47]" started-at="2024-06-26T10:23:22 IST" name="teardown" finished-at="2024-06-26T10:23:22 IST" duration-ms="118" status="PASS">
          <reporter-output>
          </reporter-output>
        </test-method> <!-- teardown -->
        <test-method is-config="true" signature="setup()[pri:0, instance:com.prjct.qa.testcases.LoginpageTest@5119fb47]" started-at="2024-06-26T10:23:22 IST" name="setup" finished-at="2024-06-26T10:23:28 IST" duration-ms="5172" status="PASS">
          <reporter-output>
          </reporter-output>
        </test-method> <!-- setup -->
        <test-method signature="loginpagetitletest()[pri:0, instance:com.prjct.qa.testcases.LoginpageTest@5119fb47]" started-at="2024-06-26T10:23:28 IST" name="loginpagetitletest" finished-at="2024-06-26T10:23:28 IST" duration-ms="6" status="PASS">
          <reporter-output>
          </reporter-output>
        </test-method> <!-- loginpagetitletest -->
        <test-method is-config="true" signature="teardown()[pri:0, instance:com.prjct.qa.testcases.LoginpageTest@5119fb47]" started-at="2024-06-26T10:23:28 IST" name="teardown" finished-at="2024-06-26T10:23:28 IST" duration-ms="44" status="PASS">
          <reporter-output>
          </reporter-output>
        </test-method> <!-- teardown -->
      </class> <!-- com.prjct.qa.testcases.LoginpageTest -->
      <class name="com.prjct.qa.testcases.HomepageTest">
        <test-method is-config="true" signature="setup()[pri:0, instance:com.prjct.qa.testcases.HomepageTest@1fa268de]" started-at="2024-06-26T10:23:28 IST" name="setup" finished-at="2024-06-26T10:23:33 IST" duration-ms="4907" status="PASS">
          <reporter-output>
          </reporter-output>
        </test-method> <!-- setup -->
        <test-method signature="clickVerifyFavoritesPageTitile()[pri:0, instance:com.prjct.qa.testcases.HomepageTest@1fa268de]" started-at="2024-06-26T10:23:33 IST" name="clickVerifyFavoritesPageTitile" finished-at="2024-06-26T10:23:41 IST" duration-ms="8575" status="PASS">
          <reporter-output>
          </reporter-output>
        </test-method> <!-- clickVerifyFavoritesPageTitile -->
        <test-method is-config="true" signature="teardown()[pri:0, instance:com.prjct.qa.testcases.HomepageTest@1fa268de]" started-at="2024-06-26T10:23:41 IST" name="teardown" finished-at="2024-06-26T10:23:41 IST" duration-ms="54" status="PASS">
          <reporter-output>
          </reporter-output>
        </test-method> <!-- teardown -->
      </class> <!-- com.prjct.qa.testcases.HomepageTest -->
    </test> <!-- Test -->
  </suite> <!-- Suite -->
</testng-results>
