<?xml version="1.0" encoding="UTF-8"?>
<testng-results ignored="0" total="4" passed="4" failed="0" skipped="0">
  <reporter-output>
  </reporter-output>
  <suite started-at="2024-06-26T10:19:58 IST" name="Suite" finished-at="2024-06-26T10:20:39 IST" duration-ms="40418">
    <groups>
    </groups>
    <test started-at="2024-06-26T10:19:58 IST" name="Test" finished-at="2024-06-26T10:20:39 IST" duration-ms="40418">
      <class name="com.prjct.qa.testcases.LoginpageTest">
        <test-method is-config="true" signature="setup()[pri:0, instance:com.prjct.qa.testcases.LoginpageTest@313ac989]" started-at="2024-06-26T10:19:58 IST" name="setup" finished-at="2024-06-26T10:20:13 IST" duration-ms="14952" status="PASS">
          <reporter-output>
          </reporter-output>
        </test-method> <!-- setup -->
        <test-method signature="crmlogotest()[pri:0, instance:com.prjct.qa.testcases.LoginpageTest@313ac989]" started-at="2024-06-26T10:20:13 IST" name="crmlogotest" finished-at="2024-06-26T10:20:13 IST" duration-ms="46" status="PASS">
          <reporter-output>
          </reporter-output>
        </test-method> <!-- crmlogotest -->
        <test-method is-config="true" signature="teardown()[pri:0, instance:com.prjct.qa.testcases.LoginpageTest@313ac989]" started-at="2024-06-26T10:20:13 IST" name="teardown" finished-at="2024-06-26T10:20:13 IST" duration-ms="90" status="PASS">
          <reporter-output>
          </reporter-output>
        </test-method> <!-- teardown -->
        <test-method is-config="true" signature="setup()[pri:0, instance:com.prjct.qa.testcases.LoginpageTest@313ac989]" started-at="2024-06-26T10:20:13 IST" name="setup" finished-at="2024-06-26T10:20:19 IST" duration-ms="5219" status="PASS">
          <reporter-output>
          </reporter-output>
        </test-method> <!-- setup -->
        <test-method signature="loginTest()[pri:0, instance:com.prjct.qa.testcases.LoginpageTest@313ac989]" started-at="2024-06-26T10:20:19 IST" name="loginTest" finished-at="2024-06-26T10:20:19 IST" duration-ms="252" status="PASS">
          <reporter-output>
          </reporter-output>
        </test-method> <!-- loginTest -->
        <test-method is-config="true" signature="teardown()[pri:0, instance:com.prjct.qa.testcases.LoginpageTest@313ac989]" started-at="2024-06-26T10:20:19 IST" name="teardown" finished-at="2024-06-26T10:20:19 IST" duration-ms="113" status="PASS">
          <reporter-output>
          </reporter-output>
        </test-method> <!-- teardown -->
        <test-method is-config="true" signature="setup()[pri:0, instance:com.prjct.qa.testcases.LoginpageTest@313ac989]" started-at="2024-06-26T10:20:19 IST" name="setup" finished-at="2024-06-26T10:20:23 IST" duration-ms="4439" status="PASS">
          <reporter-output>
          </reporter-output>
        </test-method> <!-- setup -->
        <test-method signature="loginpagetitletest()[pri:0, instance:com.prjct.qa.testcases.LoginpageTest@313ac989]" started-at="2024-06-26T10:20:23 IST" name="loginpagetitletest" finished-at="2024-06-26T10:20:23 IST" duration-ms="7" status="PASS">
          <reporter-output>
          </reporter-output>
        </test-method> <!-- loginpagetitletest -->
        <test-method is-config="true" signature="teardown()[pri:0, instance:com.prjct.qa.testcases.LoginpageTest@313ac989]" started-at="2024-06-26T10:20:23 IST" name="teardown" finished-at="2024-06-26T10:20:24 IST" duration-ms="99" status="PASS">
          <reporter-output>
          </reporter-output>
        </test-method> <!-- teardown -->
      </class> <!-- com.prjct.qa.testcases.LoginpageTest -->
      <class name="com.prjct.qa.testcases.HomepageTest">
        <test-method is-config="true" signature="setup()[pri:0, instance:com.prjct.qa.testcases.HomepageTest@776aec5c]" started-at="2024-06-26T10:20:24 IST" name="setup" finished-at="2024-06-26T10:20:29 IST" duration-ms="5306" status="PASS">
          <reporter-output>
          </reporter-output>
        </test-method> <!-- setup -->
        <test-method signature="clickVerifyFavoritesPageTitile()[pri:0, instance:com.prjct.qa.testcases.HomepageTest@776aec5c]" started-at="2024-06-26T10:20:29 IST" name="clickVerifyFavoritesPageTitile" finished-at="2024-06-26T10:20:39 IST" duration-ms="9775" status="PASS">
          <reporter-output>
          </reporter-output>
        </test-method> <!-- clickVerifyFavoritesPageTitile -->
        <test-method is-config="true" signature="teardown()[pri:0, instance:com.prjct.qa.testcases.HomepageTest@776aec5c]" started-at="2024-06-26T10:20:39 IST" name="teardown" finished-at="2024-06-26T10:20:39 IST" duration-ms="82" status="PASS">
          <reporter-output>
          </reporter-output>
        </test-method> <!-- teardown -->
      </class> <!-- com.prjct.qa.testcases.HomepageTest -->
    </test> <!-- Test -->
  </suite> <!-- Suite -->
</testng-results>
